/proc/thread-self/comm		 : result
/proc/self/comm		 : result
/proc/99/comm		 : xenbus_probe
/proc/98/comm		 : acpi_thermal_pm
/proc/97/comm		 : irq/123-pcie-dpc
/proc/96/comm		 : irq/123-aerdrv
/proc/95/comm		 : irq/122-pcie-dpc
/proc/94/comm		 : irq/122-aerdrv
/proc/935/comm		 : gnome-session-b
/proc/931/comm		 : gdm-wayland-ses
/proc/93/comm		 : kthrotld
/proc/926/comm		 : rtkit-daemon
/proc/921/comm		 : upowerd
/proc/92/comm		 : ecryptfs-kthread
/proc/913/comm		 : dbus-daemon
/proc/91/comm		 : kswapd0
/proc/904/comm		 : gnome-keyring-d
/proc/902/comm		 : pipewire-pulse
/proc/901/comm		 : wireplumber
/proc/90/comm		 : kworker/0:1H-kblockd
/proc/899/comm		 : snapd-desktop-i
/proc/898/comm		 : pipewire
/proc/89/comm		 : watchdogd
/proc/887/comm		 : (sd-pam)
/proc/886/comm		 : systemd
/proc/880/comm		 : gdm-session-wor
/proc/870/comm		 : gdm3
/proc/86/comm		 : kworker/5:1-mm_percpu_wq
/proc/852/comm		 : unattended-upgr
/proc/849/comm		 : cupsd
/proc/83/comm		 : kworker/2:1-events
/proc/819/comm		 : ModemManager
/proc/812/comm		 : rsyslogd
/proc/809/comm		 : wpa_supplicant
/proc/80/comm		 : devfreq_wq
/proc/8/comm		 : kworker/0:0H-events_highpri
/proc/79/comm		 : edac-poller
/proc/789/comm		 : NetworkManager
/proc/78/comm		 : md
/proc/77/comm		 : ata_sff
/proc/761/comm		 : avahi-daemon
/proc/76/comm		 : tpm_dev_wq
/proc/757/comm		 : udisksd
/proc/756/comm		 : thermald
/proc/753/comm		 : systemd-logind
/proc/75/comm		 : blkcg_punt_bio
/proc/749/comm		 : switcheroo-cont
/proc/747/comm		 : cron
/proc/741/comm		 : accounts-daemon
/proc/74/comm		 : kblockd
/proc/737/comm		 : snapd
/proc/732/comm		 : power-profiles-
/proc/730/comm		 : polkitd
/proc/73/comm		 : kintegrityd
/proc/72/comm		 : khugepaged
/proc/717/comm		 : irqbalance
/proc/711/comm		 : dbus-daemon
/proc/710/comm		 : bluetoothd
/proc/71/comm		 : ksmd
/proc/709/comm		 : avahi-daemon
/proc/70/comm		 : kcompactd0
/proc/69/comm		 : writeback
/proc/67/comm		 : oom_reaper
/proc/669/comm		 : systemd-timesyn
/proc/668/comm		 : systemd-resolve
/proc/651/comm		 : systemd-oomd
/proc/65/comm		 : khungtaskd
/proc/64/comm		 : kauditd
/proc/63/comm		 : inet_frag_wq
/proc/6296/comm		 : result
/proc/6268/comm		 : kworker/7:1-mm_percpu_wq
/proc/6267/comm		 : kworker/6:2
/proc/6257/comm		 : kworker/1:1
/proc/6206/comm		 : kworker/4:0-events
/proc/62/comm		 : kdevtmpfs
/proc/6166/comm		 : kworker/7:2-events
/proc/6143/comm		 : yandex_browser
/proc/6128/comm		 : yandex_browser
/proc/6104/comm		 : yandex_browser
/proc/61/comm		 : kworker/7:0H-events_highpri
/proc/6088/comm		 : yandex_browser
/proc/6087/comm		 : kworker/3:0-events
/proc/6067/comm		 : yandex_browser
/proc/6046/comm		 : kworker/0:3-events
/proc/6045/comm		 : kworker/0:1-events
/proc/604/comm		 : irq/134-AudioDSP
/proc/6032/comm		 : yandex_browser
/proc/6017/comm		 : yandex_browser
/proc/6008/comm		 : yandex_browser
/proc/60/comm		 : kworker/7:0-events
/proc/6/comm		 : netns
/proc/5984/comm		 : yandex_browser
/proc/5983/comm		 : kworker/6:0-events
/proc/5968/comm		 : yandex_browser
/proc/5959/comm		 : yandex_browser
/proc/5946/comm		 : yandex_browser
/proc/5931/comm		 : yandex_browser
/proc/5907/comm		 : kworker/4:1-events
/proc/59/comm		 : ksoftirqd/7
/proc/5885/comm		 : kworker/u16:0-events_power_efficient
/proc/5807/comm		 : kworker/2:2-events
/proc/58/comm		 : migration/7
/proc/5789/comm		 : bash
/proc/5772/comm		 : kworker/1:0-events
/proc/5771/comm		 : kworker/5:0
/proc/57/comm		 : idle_inject/7
/proc/56/comm		 : cpuhp/7
/proc/55/comm		 : kworker/6:0H-events_highpri
/proc/5493/comm		 : gvfsd-dnssd
/proc/5472/comm		 : gvfsd-recent
/proc/5471/comm		 : gvfsd-network
/proc/5397/comm		 : yandex_browser
/proc/53/comm		 : ksoftirqd/6
/proc/52/comm		 : migration/6
/proc/51/comm		 : idle_inject/6
/proc/5084/comm		 : yandex_browser
/proc/50/comm		 : cpuhp/6
/proc/5/comm		 : slub_flushwq
/proc/4994/comm		 : yandex_browser
/proc/4987/comm		 : yandex_browser
/proc/498/comm		 : irq/133-es8326
/proc/4967/comm		 : yandex_browser
/proc/496/comm		 : ath10k_tx_compl
/proc/495/comm		 : ath10k_aux_wq
/proc/494/comm		 : ath10k_wq
/proc/4938/comm		 : yandex_browser
/proc/4932/comm		 : yandex_browser
/proc/4920/comm		 : yandex_browser
/proc/4914/comm		 : yandex_browser
/proc/4907/comm		 : yandex_browser
/proc/49/comm		 : kworker/5:0H-events_highpri
/proc/488/comm		 : card0-crtc2
/proc/487/comm		 : card0-crtc1
/proc/4867/comm		 : yandex_browser
/proc/486/comm		 : card0-crtc0
/proc/4855/comm		 : yandex_browser
/proc/4851/comm		 : yandex_browser
/proc/4818/comm		 : mutter-x11-fram
/proc/4812/comm		 : ibus-x11
/proc/4782/comm		 : kworker/6:1-events
/proc/4780/comm		 : gsd-xsettings
/proc/4760/comm		 : Xwayland
/proc/4749/comm		 : yandex_browser
/proc/4746/comm		 : nacl_helper
/proc/4745/comm		 : yandex_browser
/proc/4744/comm		 : yandex_browser
/proc/4738/comm		 : chrome_crashpad
/proc/4736/comm		 : chrome_crashpad
/proc/4734/comm		 : cat
/proc/4733/comm		 : cat
/proc/4727/comm		 : yandex_browser
/proc/47/comm		 : ksoftirqd/5
/proc/465/comm		 : kworker/u17:1-i915_flip
/proc/4638/comm		 : kworker/u16:4-events_unbound
/proc/46/comm		 : migration/5
/proc/4558/comm		 : gjs
/proc/4516/comm		 : kworker/u16:3-events_unbound
/proc/4512/comm		 : kworker/3:2-events
/proc/4502/comm		 : kworker/0:2-events
/proc/45/comm		 : idle_inject/5
/proc/44/comm		 : cpuhp/5
/proc/43/comm		 : kworker/4:0H-events_highpri
/proc/4260/comm		 : bash
/proc/4248/comm		 : tmux:
/proc/4246/comm		 : tmux:
/proc/41/comm		 : ksoftirqd/4
/proc/40/comm		 : migration/4
/proc/4/comm		 : rcu_par_gp
/proc/396/comm		 : cfg80211
/proc/3951/comm		 : update-notifier
/proc/39/comm		 : idle_inject/4
/proc/383/comm		 : cryptd
/proc/381/comm		 : irq/130-mei_me
/proc/38/comm		 : cpuhp/4
/proc/378/comm		 : kmemstick
/proc/37/comm		 : kworker/3:0H-events_highpri
/proc/35/comm		 : ksoftirqd/3
/proc/34/comm		 : migration/3
/proc/33/comm		 : idle_inject/3
/proc/32/comm		 : cpuhp/3
/proc/31/comm		 : kworker/2:0H-events_highpri
/proc/307/comm		 : systemd-udevd
/proc/3/comm		 : rcu_gp
/proc/29/comm		 : ksoftirqd/2
/proc/28/comm		 : migration/2
/proc/272/comm		 : systemd-journal
/proc/27/comm		 : idle_inject/2
/proc/26/comm		 : cpuhp/2
/proc/25/comm		 : kworker/1:0H-events_highpri
/proc/230/comm		 : ext4-rsv-conver
/proc/23/comm		 : ksoftirqd/1
/proc/229/comm		 : jbd2/sda2-8
/proc/22/comm		 : migration/1
/proc/21/comm		 : idle_inject/1
/proc/2095/comm		 : kerneloops
/proc/209/comm		 : spi1
/proc/2086/comm		 : kerneloops
/proc/2074/comm		 : cups-browsed
/proc/207/comm		 : kworker/4:2-events
/proc/206/comm		 : kworker/1:2-events
/proc/2026/comm		 : bash
/proc/202/comm		 : irq/127-SYNA3602:00
/proc/20/comm		 : cpuhp/1
/proc/2/comm		 : kthreadd
/proc/1999/comm		 : gnome-terminal-
/proc/198/comm		 : scsi_tmf_2
/proc/197/comm		 : scsi_eh_2
/proc/196/comm		 : scsi_tmf_1
/proc/195/comm		 : scsi_eh_1
/proc/194/comm		 : scsi_tmf_0
/proc/193/comm		 : scsi_eh_0
/proc/191/comm		 : irq/126-0000:00:14.5
/proc/1906/comm		 : fwupd
/proc/190/comm		 : irq/19-mmc1
/proc/19/comm		 : cpuhp/0
/proc/189/comm		 : irq/16-mmc0
/proc/1886/comm		 : dconf-service
/proc/1880/comm		 : gvfsd-metadata
/proc/188/comm		 : sdhci
/proc/187/comm		 : sdhci
/proc/1781/comm		 : xdg-desktop-por
/proc/1745/comm		 : gjs
/proc/1739/comm		 : tracker-miner-f
/proc/1710/comm		 : xdg-desktop-por
/proc/1707/comm		 : snapd-desktop-i
/proc/17/comm		 : idle_inject/0
/proc/167/comm		 : kworker/1:1H-kblockd
/proc/1662/comm		 : xdg-desktop-por
/proc/166/comm		 : kworker/3:1H-kblockd
/proc/165/comm		 : kworker/4:1H-kblockd
/proc/1641/comm		 : gsd-printer
/proc/164/comm		 : kworker/5:1H-kblockd
/proc/163/comm		 : kworker/6:1H-events_highpri
/proc/162/comm		 : kworker/7:1H-events_highpri
/proc/1613/comm		 : ibus-engine-sim
/proc/16/comm		 : migration/0
/proc/1585/comm		 : snap-store
/proc/1562/comm		 : ibus-portal
/proc/1522/comm		 : ibus-extension-
/proc/1518/comm		 : ibus-memconf
/proc/15/comm		 : rcu_preempt
/proc/1484/comm		 : evolution-alarm
/proc/1450/comm		 : gsd-disk-utilit
/proc/145/comm		 : kworker/2:1H-kblockd
/proc/1408/comm		 : gsd-wacom
/proc/1407/comm		 : gsd-sound
/proc/1404/comm		 : gsd-smartcard
/proc/1402/comm		 : gsd-sharing
/proc/1401/comm		 : gsd-screensaver
/proc/14/comm		 : ksoftirqd/0
/proc/1399/comm		 : gsd-rfkill
/proc/1397/comm		 : gsd-print-notif
/proc/1394/comm		 : gsd-power
/proc/1392/comm		 : gsd-media-keys
/proc/1391/comm		 : gsd-keyboard
/proc/1390/comm		 : gsd-housekeepin
/proc/1388/comm		 : gsd-datetime
/proc/1385/comm		 : gsd-color
/proc/1384/comm		 : ibus-daemon
/proc/1382/comm		 : gsd-a11y-settin
/proc/1381/comm		 : sh
/proc/1364/comm		 : colord
/proc/1362/comm		 : at-spi2-registr
/proc/1352/comm		 : gvfsd-trash
/proc/1334/comm		 : evolution-addre
/proc/1311/comm		 : gjs
/proc/1300/comm		 : evolution-calen
/proc/13/comm		 : rcu_tasks_trace_kthread
/proc/1289/comm		 : goa-identity-se
/proc/1286/comm		 : gvfs-goa-volume
/proc/1276/comm		 : gvfs-gphoto2-vo
/proc/1270/comm		 : gvfs-afc-volume
/proc/1265/comm		 : goa-daemon
/proc/1262/comm		 : gvfs-mtp-volume
/proc/1250/comm		 : gvfs-udisks2-vo
/proc/1220/comm		 : evolution-sourc
/proc/1213/comm		 : gnome-shell-cal
/proc/12/comm		 : rcu_tasks_rude_kthread
/proc/119/comm		 : charger_manager
/proc/1165/comm		 : fusermount3
/proc/1159/comm		 : xdg-document-po
/proc/114/comm		 : kworker/u17:0-hci0
/proc/113/comm		 : zswap-shrink
/proc/111/comm		 : kstrp
/proc/11/comm		 : rcu_tasks_kthread
/proc/1071/comm		 : xdg-permission-
/proc/1060/comm		 : gnome-shell
/proc/1056/comm		 : dbus-daemon
/proc/1048/comm		 : at-spi-bus-laun
/proc/1037/comm		 : krfcommd
/proc/103/comm		 : ipv6_addrconf
/proc/1024/comm		 : gnome-session-b
/proc/1023/comm		 : gvfsd-fuse
/proc/102/comm		 : mld
/proc/1017/comm		 : gvfsd
/proc/1007/comm		 : ssh-agent
/proc/1005/comm		 : gnome-session-c
/proc/1000/comm		 : gcr-ssh-agent
/proc/100/comm		 : hwrng
/proc/10/comm		 : mm_percpu_wq
/proc/1/comm		 : systemd
0
/proc/thread-self/comm		 : result
/proc/self/comm		 : result
/proc/99/comm		 : xenbus_probe
/proc/98/comm		 : acpi_thermal_pm
/proc/97/comm		 : irq/123-pcie-dpc
/proc/96/comm		 : irq/123-aerdrv
/proc/95/comm		 : irq/122-pcie-dpc
/proc/94/comm		 : irq/122-aerdrv
/proc/935/comm		 : gnome-session-b
/proc/931/comm		 : gdm-wayland-ses
/proc/93/comm		 : kthrotld
/proc/926/comm		 : rtkit-daemon
/proc/921/comm		 : upowerd
/proc/92/comm		 : ecryptfs-kthread
/proc/913/comm		 : dbus-daemon
/proc/91/comm		 : kswapd0
/proc/904/comm		 : gnome-keyring-d
/proc/902/comm		 : pipewire-pulse
/proc/901/comm		 : wireplumber
/proc/90/comm		 : kworker/0:1H-events_highpri
/proc/899/comm		 : snapd-desktop-i
/proc/898/comm		 : pipewire
/proc/89/comm		 : watchdogd
/proc/887/comm		 : (sd-pam)
/proc/886/comm		 : systemd
/proc/880/comm		 : gdm-session-wor
/proc/870/comm		 : gdm3
/proc/86/comm		 : kworker/5:1-events
/proc/852/comm		 : unattended-upgr
/proc/849/comm		 : cupsd
/proc/83/comm		 : kworker/2:1-events
/proc/819/comm		 : ModemManager
/proc/812/comm		 : rsyslogd
/proc/809/comm		 : wpa_supplicant
/proc/80/comm		 : devfreq_wq
/proc/8/comm		 : kworker/0:0H-events_highpri
/proc/79/comm		 : edac-poller
/proc/789/comm		 : NetworkManager
/proc/78/comm		 : md
/proc/77/comm		 : ata_sff
/proc/761/comm		 : avahi-daemon
/proc/76/comm		 : tpm_dev_wq
/proc/757/comm		 : udisksd
/proc/756/comm		 : thermald
/proc/753/comm		 : systemd-logind
/proc/75/comm		 : blkcg_punt_bio
/proc/749/comm		 : switcheroo-cont
/proc/747/comm		 : cron
/proc/741/comm		 : accounts-daemon
/proc/74/comm		 : kblockd
/proc/737/comm		 : snapd
/proc/732/comm		 : power-profiles-
/proc/730/comm		 : polkitd
/proc/73/comm		 : kintegrityd
/proc/72/comm		 : khugepaged
/proc/717/comm		 : irqbalance
/proc/711/comm		 : dbus-daemon
/proc/710/comm		 : bluetoothd
/proc/71/comm		 : ksmd
/proc/709/comm		 : avahi-daemon
/proc/70/comm		 : kcompactd0
/proc/69/comm		 : writeback
/proc/67/comm		 : oom_reaper
/proc/669/comm		 : systemd-timesyn
/proc/668/comm		 : systemd-resolve
/proc/651/comm		 : systemd-oomd
/proc/65/comm		 : khungtaskd
/proc/64/comm		 : kauditd
/proc/6310/comm		 : result
/proc/6302/comm		 : kworker/u16:1
/proc/6301/comm		 : kworker/5:2
/proc/63/comm		 : inet_frag_wq
/proc/6268/comm		 : kworker/7:1-mm_percpu_wq
/proc/6267/comm		 : kworker/6:2-events
/proc/6257/comm		 : kworker/1:1-mm_percpu_wq
/proc/6206/comm		 : kworker/4:0-events
/proc/62/comm		 : kdevtmpfs
/proc/6166/comm		 : kworker/7:2-events
/proc/6143/comm		 : yandex_browser
/proc/6128/comm		 : yandex_browser
/proc/6104/comm		 : yandex_browser
/proc/61/comm		 : kworker/7:0H-events_highpri
/proc/6088/comm		 : yandex_browser
/proc/6087/comm		 : kworker/3:0-events
/proc/6067/comm		 : yandex_browser
/proc/6045/comm		 : kworker/0:1-events
/proc/604/comm		 : irq/134-AudioDSP
/proc/6032/comm		 : yandex_browser
/proc/6017/comm		 : yandex_browser
/proc/6008/comm		 : yandex_browser
/proc/60/comm		 : kworker/7:0-events
/proc/6/comm		 : netns
/proc/5984/comm		 : yandex_browser
/proc/5983/comm		 : kworker/6:0-mm_percpu_wq
/proc/5968/comm		 : yandex_browser
/proc/5959/comm		 : yandex_browser
/proc/5946/comm		 : yandex_browser
/proc/5931/comm		 : yandex_browser
/proc/5907/comm		 : kworker/4:1-events
/proc/59/comm		 : ksoftirqd/7
/proc/5885/comm		 : kworker/u16:0-events_unbound
/proc/5807/comm		 : kworker/2:2-events
/proc/58/comm		 : migration/7
/proc/5789/comm		 : bash
/proc/5772/comm		 : kworker/1:0-events
/proc/5771/comm		 : kworker/5:0-events
/proc/57/comm		 : idle_inject/7
/proc/56/comm		 : cpuhp/7
/proc/55/comm		 : kworker/6:0H-events_highpri
/proc/5493/comm		 : gvfsd-dnssd
/proc/5472/comm		 : gvfsd-recent
/proc/5471/comm		 : gvfsd-network
/proc/5397/comm		 : yandex_browser
/proc/53/comm		 : ksoftirqd/6
/proc/52/comm		 : migration/6
/proc/51/comm		 : idle_inject/6
/proc/5084/comm		 : yandex_browser
/proc/50/comm		 : cpuhp/6
/proc/5/comm		 : slub_flushwq
/proc/4994/comm		 : yandex_browser
/proc/4987/comm		 : yandex_browser
/proc/498/comm		 : irq/133-es8326
/proc/4967/comm		 : yandex_browser
/proc/496/comm		 : ath10k_tx_compl
/proc/495/comm		 : ath10k_aux_wq
/proc/494/comm		 : ath10k_wq
/proc/4938/comm		 : yandex_browser
/proc/4932/comm		 : yandex_browser
/proc/4920/comm		 : yandex_browser
/proc/4914/comm		 : yandex_browser
/proc/4907/comm		 : yandex_browser
/proc/49/comm		 : kworker/5:0H-events_highpri
/proc/488/comm		 : card0-crtc2
/proc/487/comm		 : card0-crtc1
/proc/4867/comm		 : yandex_browser
/proc/486/comm		 : card0-crtc0
/proc/4855/comm		 : yandex_browser
/proc/4851/comm		 : yandex_browser
/proc/4818/comm		 : mutter-x11-fram
/proc/4812/comm		 : ibus-x11
/proc/4782/comm		 : kworker/6:1-events
/proc/4780/comm		 : gsd-xsettings
/proc/4760/comm		 : Xwayland
/proc/4749/comm		 : yandex_browser
/proc/4746/comm		 : nacl_helper
/proc/4745/comm		 : yandex_browser
/proc/4744/comm		 : yandex_browser
/proc/4738/comm		 : chrome_crashpad
/proc/4736/comm		 : chrome_crashpad
/proc/4734/comm		 : cat
/proc/4733/comm		 : cat
/proc/4727/comm		 : yandex_browser
/proc/47/comm		 : ksoftirqd/5
/proc/465/comm		 : kworker/u17:1-i915_flip
/proc/4638/comm		 : kworker/u16:4-flush-8:0
/proc/46/comm		 : migration/5
/proc/4558/comm		 : gjs
/proc/4516/comm		 : kworker/u16:3-flush-8:0
/proc/4512/comm		 : kworker/3:2-events
/proc/4502/comm		 : kworker/0:2-events
/proc/45/comm		 : idle_inject/5
/proc/44/comm		 : cpuhp/5
/proc/43/comm		 : kworker/4:0H-events_highpri
/proc/4260/comm		 : bash
/proc/4248/comm		 : tmux:
/proc/4246/comm		 : tmux:
/proc/41/comm		 : ksoftirqd/4
/proc/40/comm		 : migration/4
/proc/4/comm		 : rcu_par_gp
/proc/396/comm		 : cfg80211
/proc/3951/comm		 : update-notifier
/proc/39/comm		 : idle_inject/4
/proc/383/comm		 : cryptd
/proc/381/comm		 : irq/130-mei_me
/proc/38/comm		 : cpuhp/4
/proc/378/comm		 : kmemstick
/proc/37/comm		 : kworker/3:0H-events_highpri
/proc/35/comm		 : ksoftirqd/3
/proc/34/comm		 : migration/3
/proc/33/comm		 : idle_inject/3
/proc/32/comm		 : cpuhp/3
/proc/31/comm		 : kworker/2:0H-events_highpri
/proc/307/comm		 : systemd-udevd
/proc/3/comm		 : rcu_gp
/proc/29/comm		 : ksoftirqd/2
/proc/28/comm		 : migration/2
/proc/272/comm		 : systemd-journal
/proc/27/comm		 : idle_inject/2
/proc/26/comm		 : cpuhp/2
/proc/25/comm		 : kworker/1:0H-events_highpri
/proc/230/comm		 : ext4-rsv-conver
/proc/23/comm		 : ksoftirqd/1
/proc/229/comm		 : jbd2/sda2-8
/proc/22/comm		 : migration/1
/proc/21/comm		 : idle_inject/1
/proc/2095/comm		 : kerneloops
/proc/209/comm		 : spi1
/proc/2086/comm		 : kerneloops
/proc/2074/comm		 : cups-browsed
/proc/207/comm		 : kworker/4:2-events
/proc/206/comm		 : kworker/1:2-events
/proc/2026/comm		 : bash
/proc/202/comm		 : irq/127-SYNA3602:00
/proc/20/comm		 : cpuhp/1
/proc/2/comm		 : kthreadd
/proc/1999/comm		 : gnome-terminal-
/proc/198/comm		 : scsi_tmf_2
/proc/197/comm		 : scsi_eh_2
/proc/196/comm		 : scsi_tmf_1
/proc/195/comm		 : scsi_eh_1
/proc/194/comm		 : scsi_tmf_0
/proc/193/comm		 : scsi_eh_0
/proc/191/comm		 : irq/126-0000:00:14.5
/proc/1906/comm		 : fwupd
/proc/190/comm		 : irq/19-mmc1
/proc/19/comm		 : cpuhp/0
/proc/189/comm		 : irq/16-mmc0
/proc/1886/comm		 : dconf-service
/proc/1880/comm		 : gvfsd-metadata
/proc/188/comm		 : sdhci
/proc/187/comm		 : sdhci
/proc/1781/comm		 : xdg-desktop-por
/proc/1745/comm		 : gjs
/proc/1739/comm		 : tracker-miner-f
/proc/1710/comm		 : xdg-desktop-por
/proc/1707/comm		 : snapd-desktop-i
/proc/17/comm		 : idle_inject/0
/proc/167/comm		 : kworker/1:1H-events_highpri
/proc/1662/comm		 : xdg-desktop-por
/proc/166/comm		 : kworker/3:1H-kblockd
/proc/165/comm		 : kworker/4:1H-kblockd
/proc/1641/comm		 : gsd-printer
/proc/164/comm		 : kworker/5:1H-kblockd
/proc/163/comm		 : kworker/6:1H-kblockd
/proc/162/comm		 : kworker/7:1H-events_highpri
/proc/1613/comm		 : ibus-engine-sim
/proc/16/comm		 : migration/0
/proc/1585/comm		 : snap-store
/proc/1562/comm		 : ibus-portal
/proc/1522/comm		 : ibus-extension-
/proc/1518/comm		 : ibus-memconf
/proc/15/comm		 : rcu_preempt
/proc/1484/comm		 : evolution-alarm
/proc/1450/comm		 : gsd-disk-utilit
/proc/145/comm		 : kworker/2:1H-kblockd
/proc/1408/comm		 : gsd-wacom
/proc/1407/comm		 : gsd-sound
/proc/1404/comm		 : gsd-smartcard
/proc/1402/comm		 : gsd-sharing
/proc/1401/comm		 : gsd-screensaver
/proc/14/comm		 : ksoftirqd/0
/proc/1399/comm		 : gsd-rfkill
/proc/1397/comm		 : gsd-print-notif
/proc/1394/comm		 : gsd-power
/proc/1392/comm		 : gsd-media-keys
/proc/1391/comm		 : gsd-keyboard
/proc/1390/comm		 : gsd-housekeepin
/proc/1388/comm		 : gsd-datetime
/proc/1385/comm		 : gsd-color
/proc/1384/comm		 : ibus-daemon
/proc/1382/comm		 : gsd-a11y-settin
/proc/1381/comm		 : sh
/proc/1364/comm		 : colord
/proc/1362/comm		 : at-spi2-registr
/proc/1352/comm		 : gvfsd-trash
/proc/1334/comm		 : evolution-addre
/proc/1311/comm		 : gjs
/proc/1300/comm		 : evolution-calen
/proc/13/comm		 : rcu_tasks_trace_kthread
/proc/1289/comm		 : goa-identity-se
/proc/1286/comm		 : gvfs-goa-volume
/proc/1276/comm		 : gvfs-gphoto2-vo
/proc/1270/comm		 : gvfs-afc-volume
/proc/1265/comm		 : goa-daemon
/proc/1262/comm		 : gvfs-mtp-volume
/proc/1250/comm		 : gvfs-udisks2-vo
/proc/1220/comm		 : evolution-sourc
/proc/1213/comm		 : gnome-shell-cal
/proc/12/comm		 : rcu_tasks_rude_kthread
/proc/119/comm		 : charger_manager
/proc/1165/comm		 : fusermount3
/proc/1159/comm		 : xdg-document-po
/proc/114/comm		 : kworker/u17:0-hci0
/proc/113/comm		 : zswap-shrink
/proc/111/comm		 : kstrp
/proc/11/comm		 : rcu_tasks_kthread
/proc/1071/comm		 : xdg-permission-
/proc/1060/comm		 : gnome-shell
/proc/1056/comm		 : dbus-daemon
/proc/1048/comm		 : at-spi-bus-laun
/proc/1037/comm		 : krfcommd
/proc/103/comm		 : ipv6_addrconf
/proc/1024/comm		 : gnome-session-b
/proc/1023/comm		 : gvfsd-fuse
/proc/102/comm		 : mld
/proc/1017/comm		 : gvfsd
/proc/1007/comm		 : ssh-agent
/proc/1005/comm		 : gnome-session-c
/proc/1000/comm		 : gcr-ssh-agent
/proc/100/comm		 : hwrng
/proc/10/comm		 : mm_percpu_wq
/proc/1/comm		 : systemd
0
